============================= test session starts ==============================
platform darwin -- Python 3.11.15, pytest-9.0.2, pluggy-1.6.0 -- /Users/juliarocha/Documents/projects/obg/chatbot_obg-main/venv/bin/python
rootdir: /Users/juliarocha/Documents/projects/obg/chatbot_obg-main
configfile: pyproject.toml
plugins: anyio-4.12.0, langsmith-0.4.59, asyncio-1.3.0, cov-7.0.0
asyncio: mode=Mode.STRICT, debug=False, asyncio_default_fixture_loop_scope=None, asyncio_default_test_loop_scope=function
collecting ... collected 0 items

============================ no tests ran in 0.01s =============================
